2013/08/28 11:57:00 [error] [php] Undefined index: SERVER_NAME (/Users/cgeek/Sites/trip007/WebRoot/protected/extensions/sinaWeibo/config.php:9)
Stack trace:
#0 /Users/cgeek/Sites/trip007/WebRoot/protected/commands/MetaActionCommand.php(2): import()
#1 /Users/cgeek/Sites/trip007/framework/console/CConsoleCommandRunner.php(131): require_once()
#2 /Users/cgeek/Sites/trip007/framework/console/CConsoleCommandRunner.php(65): CConsoleCommandRunner->createCommand()
#3 /Users/cgeek/Sites/trip007/framework/console/CConsoleApplication.php(92): CConsoleCommandRunner->run()
#4 /Users/cgeek/Sites/trip007/framework/base/CApplication.php(162): CConsoleApplication->processRequest()
#5 /Users/cgeek/Sites/trip007/framework/yiic.php(33): CConsoleApplication->run()
#6 /Users/cgeek/Sites/trip007/WebRoot/protected/yiic.php(9): require_once()

2013/08/28 11:58:01 [error] [php] Undefined index: SERVER_NAME (/Users/cgeek/Sites/trip007/WebRoot/protected/extensions/sinaWeibo/config.php:9)
Stack trace:
#0 /Users/cgeek/Sites/trip007/WebRoot/protected/commands/MetaActionCommand.php(2): import()
#1 /Users/cgeek/Sites/trip007/framework/console/CConsoleCommandRunner.php(131): require_once()
#2 /Users/cgeek/Sites/trip007/framework/console/CConsoleCommandRunner.php(65): CConsoleCommandRunner->createCommand()
#3 /Users/cgeek/Sites/trip007/framework/console/CConsoleApplication.php(92): CConsoleCommandRunner->run()
#4 /Users/cgeek/Sites/trip007/framework/base/CApplication.php(162): CConsoleApplication->processRequest()
#5 /Users/cgeek/Sites/trip007/framework/yiic.php(33): CConsoleApplication->run()
#6 /Users/cgeek/Sites/trip007/WebRoot/protected/yiic.php(9): require_once()

2013/08/28 11:59:00 [error] [php] Undefined index: SERVER_NAME (/Users/cgeek/Sites/trip007/WebRoot/protected/extensions/sinaWeibo/config.php:9)
Stack trace:
#0 /Users/cgeek/Sites/trip007/WebRoot/protected/commands/MetaActionCommand.php(2): import()
#1 /Users/cgeek/Sites/trip007/framework/console/CConsoleCommandRunner.php(131): require_once()
#2 /Users/cgeek/Sites/trip007/framework/console/CConsoleCommandRunner.php(65): CConsoleCommandRunner->createCommand()
#3 /Users/cgeek/Sites/trip007/framework/console/CConsoleApplication.php(92): CConsoleCommandRunner->run()
#4 /Users/cgeek/Sites/trip007/framework/base/CApplication.php(162): CConsoleApplication->processRequest()
#5 /Users/cgeek/Sites/trip007/framework/yiic.php(33): CConsoleApplication->run()
#6 /Users/cgeek/Sites/trip007/WebRoot/protected/yiic.php(9): require_once()

2013/08/28 12:00:00 [error] [php] Undefined index: SERVER_NAME (/Users/cgeek/Sites/trip007/WebRoot/protected/extensions/sinaWeibo/config.php:9)
Stack trace:
#0 /Users/cgeek/Sites/trip007/WebRoot/protected/commands/MetaActionCommand.php(2): import()
#1 /Users/cgeek/Sites/trip007/framework/console/CConsoleCommandRunner.php(131): require_once()
#2 /Users/cgeek/Sites/trip007/framework/console/CConsoleCommandRunner.php(65): CConsoleCommandRunner->createCommand()
#3 /Users/cgeek/Sites/trip007/framework/console/CConsoleApplication.php(92): CConsoleCommandRunner->run()
#4 /Users/cgeek/Sites/trip007/framework/base/CApplication.php(162): CConsoleApplication->processRequest()
#5 /Users/cgeek/Sites/trip007/framework/yiic.php(33): CConsoleApplication->run()
#6 /Users/cgeek/Sites/trip007/WebRoot/protected/yiic.php(9): require_once()

2013/08/28 12:01:00 [error] [php] Undefined index: SERVER_NAME (/Users/cgeek/Sites/trip007/WebRoot/protected/extensions/sinaWeibo/config.php:9)
Stack trace:
#0 /Users/cgeek/Sites/trip007/WebRoot/protected/commands/MetaActionCommand.php(2): import()
#1 /Users/cgeek/Sites/trip007/framework/console/CConsoleCommandRunner.php(131): require_once()
#2 /Users/cgeek/Sites/trip007/framework/console/CConsoleCommandRunner.php(65): CConsoleCommandRunner->createCommand()
#3 /Users/cgeek/Sites/trip007/framework/console/CConsoleApplication.php(92): CConsoleCommandRunner->run()
#4 /Users/cgeek/Sites/trip007/framework/base/CApplication.php(162): CConsoleApplication->processRequest()
#5 /Users/cgeek/Sites/trip007/framework/yiic.php(33): CConsoleApplication->run()
#6 /Users/cgeek/Sites/trip007/WebRoot/protected/yiic.php(9): require_once()

2013/08/28 12:02:00 [error] [php] Undefined index: SERVER_NAME (/Users/cgeek/Sites/trip007/WebRoot/protected/extensions/sinaWeibo/config.php:9)
Stack trace:
#0 /Users/cgeek/Sites/trip007/WebRoot/protected/commands/MetaActionCommand.php(2): import()
#1 /Users/cgeek/Sites/trip007/framework/console/CConsoleCommandRunner.php(131): require_once()
#2 /Users/cgeek/Sites/trip007/framework/console/CConsoleCommandRunner.php(65): CConsoleCommandRunner->createCommand()
#3 /Users/cgeek/Sites/trip007/framework/console/CConsoleApplication.php(92): CConsoleCommandRunner->run()
#4 /Users/cgeek/Sites/trip007/framework/base/CApplication.php(162): CConsoleApplication->processRequest()
#5 /Users/cgeek/Sites/trip007/framework/yiic.php(33): CConsoleApplication->run()
#6 /Users/cgeek/Sites/trip007/WebRoot/protected/yiic.php(9): require_once()

2013/08/28 12:03:00 [error] [php] Undefined index: SERVER_NAME (/Users/cgeek/Sites/trip007/WebRoot/protected/extensions/sinaWeibo/config.php:9)
Stack trace:
#0 /Users/cgeek/Sites/trip007/WebRoot/protected/commands/MetaActionCommand.php(2): import()
#1 /Users/cgeek/Sites/trip007/framework/console/CConsoleCommandRunner.php(131): require_once()
#2 /Users/cgeek/Sites/trip007/framework/console/CConsoleCommandRunner.php(65): CConsoleCommandRunner->createCommand()
#3 /Users/cgeek/Sites/trip007/framework/console/CConsoleApplication.php(92): CConsoleCommandRunner->run()
#4 /Users/cgeek/Sites/trip007/framework/base/CApplication.php(162): CConsoleApplication->processRequest()
#5 /Users/cgeek/Sites/trip007/framework/yiic.php(33): CConsoleApplication->run()
#6 /Users/cgeek/Sites/trip007/WebRoot/protected/yiic.php(9): require_once()

2013/08/28 12:04:00 [error] [php] Undefined index: SERVER_NAME (/Users/cgeek/Sites/trip007/WebRoot/protected/extensions/sinaWeibo/config.php:9)
Stack trace:
#0 /Users/cgeek/Sites/trip007/WebRoot/protected/commands/MetaActionCommand.php(2): import()
#1 /Users/cgeek/Sites/trip007/framework/console/CConsoleCommandRunner.php(131): require_once()
#2 /Users/cgeek/Sites/trip007/framework/console/CConsoleCommandRunner.php(65): CConsoleCommandRunner->createCommand()
#3 /Users/cgeek/Sites/trip007/framework/console/CConsoleApplication.php(92): CConsoleCommandRunner->run()
#4 /Users/cgeek/Sites/trip007/framework/base/CApplication.php(162): CConsoleApplication->processRequest()
#5 /Users/cgeek/Sites/trip007/framework/yiic.php(33): CConsoleApplication->run()
#6 /Users/cgeek/Sites/trip007/WebRoot/protected/yiic.php(9): require_once()

2013/08/28 12:05:00 [error] [php] Undefined index: SERVER_NAME (/Users/cgeek/Sites/trip007/WebRoot/protected/extensions/sinaWeibo/config.php:9)
Stack trace:
#0 /Users/cgeek/Sites/trip007/WebRoot/protected/commands/MetaActionCommand.php(2): import()
#1 /Users/cgeek/Sites/trip007/framework/console/CConsoleCommandRunner.php(131): require_once()
#2 /Users/cgeek/Sites/trip007/framework/console/CConsoleCommandRunner.php(65): CConsoleCommandRunner->createCommand()
#3 /Users/cgeek/Sites/trip007/framework/console/CConsoleApplication.php(92): CConsoleCommandRunner->run()
#4 /Users/cgeek/Sites/trip007/framework/base/CApplication.php(162): CConsoleApplication->processRequest()
#5 /Users/cgeek/Sites/trip007/framework/yiic.php(33): CConsoleApplication->run()
#6 /Users/cgeek/Sites/trip007/WebRoot/protected/yiic.php(9): require_once()

2013/08/28 12:06:00 [error] [php] Undefined index: SERVER_NAME (/Users/cgeek/Sites/trip007/WebRoot/protected/extensions/sinaWeibo/config.php:9)
Stack trace:
#0 /Users/cgeek/Sites/trip007/WebRoot/protected/commands/MetaActionCommand.php(2): import()
#1 /Users/cgeek/Sites/trip007/framework/console/CConsoleCommandRunner.php(131): require_once()
#2 /Users/cgeek/Sites/trip007/framework/console/CConsoleCommandRunner.php(65): CConsoleCommandRunner->createCommand()
#3 /Users/cgeek/Sites/trip007/framework/console/CConsoleApplication.php(92): CConsoleCommandRunner->run()
#4 /Users/cgeek/Sites/trip007/framework/base/CApplication.php(162): CConsoleApplication->processRequest()
#5 /Users/cgeek/Sites/trip007/framework/yiic.php(33): CConsoleApplication->run()
#6 /Users/cgeek/Sites/trip007/WebRoot/protected/yiic.php(9): require_once()

2013/08/28 12:07:00 [error] [php] Undefined index: SERVER_NAME (/Users/cgeek/Sites/trip007/WebRoot/protected/extensions/sinaWeibo/config.php:9)
Stack trace:
#0 /Users/cgeek/Sites/trip007/WebRoot/protected/commands/MetaActionCommand.php(2): import()
#1 /Users/cgeek/Sites/trip007/framework/console/CConsoleCommandRunner.php(131): require_once()
#2 /Users/cgeek/Sites/trip007/framework/console/CConsoleCommandRunner.php(65): CConsoleCommandRunner->createCommand()
#3 /Users/cgeek/Sites/trip007/framework/console/CConsoleApplication.php(92): CConsoleCommandRunner->run()
#4 /Users/cgeek/Sites/trip007/framework/base/CApplication.php(162): CConsoleApplication->processRequest()
#5 /Users/cgeek/Sites/trip007/framework/yiic.php(33): CConsoleApplication->run()
#6 /Users/cgeek/Sites/trip007/WebRoot/protected/yiic.php(9): require_once()

2013/08/28 12:08:01 [error] [php] Undefined index: SERVER_NAME (/Users/cgeek/Sites/trip007/WebRoot/protected/extensions/sinaWeibo/config.php:9)
Stack trace:
#0 /Users/cgeek/Sites/trip007/WebRoot/protected/commands/MetaActionCommand.php(2): import()
#1 /Users/cgeek/Sites/trip007/framework/console/CConsoleCommandRunner.php(131): require_once()
#2 /Users/cgeek/Sites/trip007/framework/console/CConsoleCommandRunner.php(65): CConsoleCommandRunner->createCommand()
#3 /Users/cgeek/Sites/trip007/framework/console/CConsoleApplication.php(92): CConsoleCommandRunner->run()
#4 /Users/cgeek/Sites/trip007/framework/base/CApplication.php(162): CConsoleApplication->processRequest()
#5 /Users/cgeek/Sites/trip007/framework/yiic.php(33): CConsoleApplication->run()
#6 /Users/cgeek/Sites/trip007/WebRoot/protected/yiic.php(9): require_once()

2013/08/28 12:09:00 [error] [php] Undefined index: SERVER_NAME (/Users/cgeek/Sites/trip007/WebRoot/protected/extensions/sinaWeibo/config.php:9)
Stack trace:
#0 /Users/cgeek/Sites/trip007/WebRoot/protected/commands/MetaActionCommand.php(2): import()
#1 /Users/cgeek/Sites/trip007/framework/console/CConsoleCommandRunner.php(131): require_once()
#2 /Users/cgeek/Sites/trip007/framework/console/CConsoleCommandRunner.php(65): CConsoleCommandRunner->createCommand()
#3 /Users/cgeek/Sites/trip007/framework/console/CConsoleApplication.php(92): CConsoleCommandRunner->run()
#4 /Users/cgeek/Sites/trip007/framework/base/CApplication.php(162): CConsoleApplication->processRequest()
#5 /Users/cgeek/Sites/trip007/framework/yiic.php(33): CConsoleApplication->run()
#6 /Users/cgeek/Sites/trip007/WebRoot/protected/yiic.php(9): require_once()

2013/08/28 12:10:00 [error] [php] Undefined index: SERVER_NAME (/Users/cgeek/Sites/trip007/WebRoot/protected/extensions/sinaWeibo/config.php:9)
Stack trace:
#0 /Users/cgeek/Sites/trip007/WebRoot/protected/commands/MetaActionCommand.php(2): import()
#1 /Users/cgeek/Sites/trip007/framework/console/CConsoleCommandRunner.php(131): require_once()
#2 /Users/cgeek/Sites/trip007/framework/console/CConsoleCommandRunner.php(65): CConsoleCommandRunner->createCommand()
#3 /Users/cgeek/Sites/trip007/framework/console/CConsoleApplication.php(92): CConsoleCommandRunner->run()
#4 /Users/cgeek/Sites/trip007/framework/base/CApplication.php(162): CConsoleApplication->processRequest()
#5 /Users/cgeek/Sites/trip007/framework/yiic.php(33): CConsoleApplication->run()
#6 /Users/cgeek/Sites/trip007/WebRoot/protected/yiic.php(9): require_once()

2013/08/28 12:11:00 [error] [php] Undefined index: SERVER_NAME (/Users/cgeek/Sites/trip007/WebRoot/protected/extensions/sinaWeibo/config.php:9)
Stack trace:
#0 /Users/cgeek/Sites/trip007/WebRoot/protected/commands/MetaActionCommand.php(2): import()
#1 /Users/cgeek/Sites/trip007/framework/console/CConsoleCommandRunner.php(131): require_once()
#2 /Users/cgeek/Sites/trip007/framework/console/CConsoleCommandRunner.php(65): CConsoleCommandRunner->createCommand()
#3 /Users/cgeek/Sites/trip007/framework/console/CConsoleApplication.php(92): CConsoleCommandRunner->run()
#4 /Users/cgeek/Sites/trip007/framework/base/CApplication.php(162): CConsoleApplication->processRequest()
#5 /Users/cgeek/Sites/trip007/framework/yiic.php(33): CConsoleApplication->run()
#6 /Users/cgeek/Sites/trip007/WebRoot/protected/yiic.php(9): require_once()

2013/08/28 12:12:00 [error] [php] Undefined index: SERVER_NAME (/Users/cgeek/Sites/trip007/WebRoot/protected/extensions/sinaWeibo/config.php:9)
Stack trace:
#0 /Users/cgeek/Sites/trip007/WebRoot/protected/commands/MetaActionCommand.php(2): import()
#1 /Users/cgeek/Sites/trip007/framework/console/CConsoleCommandRunner.php(131): require_once()
#2 /Users/cgeek/Sites/trip007/framework/console/CConsoleCommandRunner.php(65): CConsoleCommandRunner->createCommand()
#3 /Users/cgeek/Sites/trip007/framework/console/CConsoleApplication.php(92): CConsoleCommandRunner->run()
#4 /Users/cgeek/Sites/trip007/framework/base/CApplication.php(162): CConsoleApplication->processRequest()
#5 /Users/cgeek/Sites/trip007/framework/yiic.php(33): CConsoleApplication->run()
#6 /Users/cgeek/Sites/trip007/WebRoot/protected/yiic.php(9): require_once()

2013/08/28 12:13:00 [error] [php] Undefined index: SERVER_NAME (/Users/cgeek/Sites/trip007/WebRoot/protected/extensions/sinaWeibo/config.php:9)
Stack trace:
#0 /Users/cgeek/Sites/trip007/WebRoot/protected/commands/MetaActionCommand.php(2): import()
#1 /Users/cgeek/Sites/trip007/framework/console/CConsoleCommandRunner.php(131): require_once()
#2 /Users/cgeek/Sites/trip007/framework/console/CConsoleCommandRunner.php(65): CConsoleCommandRunner->createCommand()
#3 /Users/cgeek/Sites/trip007/framework/console/CConsoleApplication.php(92): CConsoleCommandRunner->run()
#4 /Users/cgeek/Sites/trip007/framework/base/CApplication.php(162): CConsoleApplication->processRequest()
#5 /Users/cgeek/Sites/trip007/framework/yiic.php(33): CConsoleApplication->run()
#6 /Users/cgeek/Sites/trip007/WebRoot/protected/yiic.php(9): require_once()

2013/08/28 12:14:00 [error] [php] Undefined index: SERVER_NAME (/Users/cgeek/Sites/trip007/WebRoot/protected/extensions/sinaWeibo/config.php:9)
Stack trace:
#0 /Users/cgeek/Sites/trip007/WebRoot/protected/commands/MetaActionCommand.php(2): import()
#1 /Users/cgeek/Sites/trip007/framework/console/CConsoleCommandRunner.php(131): require_once()
#2 /Users/cgeek/Sites/trip007/framework/console/CConsoleCommandRunner.php(65): CConsoleCommandRunner->createCommand()
#3 /Users/cgeek/Sites/trip007/framework/console/CConsoleApplication.php(92): CConsoleCommandRunner->run()
#4 /Users/cgeek/Sites/trip007/framework/base/CApplication.php(162): CConsoleApplication->processRequest()
#5 /Users/cgeek/Sites/trip007/framework/yiic.php(33): CConsoleApplication->run()
#6 /Users/cgeek/Sites/trip007/WebRoot/protected/yiic.php(9): require_once()

2013/08/28 12:15:00 [error] [php] Undefined index: SERVER_NAME (/Users/cgeek/Sites/trip007/WebRoot/protected/extensions/sinaWeibo/config.php:9)
Stack trace:
#0 /Users/cgeek/Sites/trip007/WebRoot/protected/commands/MetaActionCommand.php(2): import()
#1 /Users/cgeek/Sites/trip007/framework/console/CConsoleCommandRunner.php(131): require_once()
#2 /Users/cgeek/Sites/trip007/framework/console/CConsoleCommandRunner.php(65): CConsoleCommandRunner->createCommand()
#3 /Users/cgeek/Sites/trip007/framework/console/CConsoleApplication.php(92): CConsoleCommandRunner->run()
#4 /Users/cgeek/Sites/trip007/framework/base/CApplication.php(162): CConsoleApplication->processRequest()
#5 /Users/cgeek/Sites/trip007/framework/yiic.php(33): CConsoleApplication->run()
#6 /Users/cgeek/Sites/trip007/WebRoot/protected/yiic.php(9): require_once()

2013/08/28 12:16:00 [error] [php] Undefined index: SERVER_NAME (/Users/cgeek/Sites/trip007/WebRoot/protected/extensions/sinaWeibo/config.php:9)
Stack trace:
#0 /Users/cgeek/Sites/trip007/WebRoot/protected/commands/MetaActionCommand.php(2): import()
#1 /Users/cgeek/Sites/trip007/framework/console/CConsoleCommandRunner.php(131): require_once()
#2 /Users/cgeek/Sites/trip007/framework/console/CConsoleCommandRunner.php(65): CConsoleCommandRunner->createCommand()
#3 /Users/cgeek/Sites/trip007/framework/console/CConsoleApplication.php(92): CConsoleCommandRunner->run()
#4 /Users/cgeek/Sites/trip007/framework/base/CApplication.php(162): CConsoleApplication->processRequest()
#5 /Users/cgeek/Sites/trip007/framework/yiic.php(33): CConsoleApplication->run()
#6 /Users/cgeek/Sites/trip007/WebRoot/protected/yiic.php(9): require_once()

2013/08/28 12:17:00 [error] [php] Undefined index: SERVER_NAME (/Users/cgeek/Sites/trip007/WebRoot/protected/extensions/sinaWeibo/config.php:9)
Stack trace:
#0 /Users/cgeek/Sites/trip007/WebRoot/protected/commands/MetaActionCommand.php(2): import()
#1 /Users/cgeek/Sites/trip007/framework/console/CConsoleCommandRunner.php(131): require_once()
#2 /Users/cgeek/Sites/trip007/framework/console/CConsoleCommandRunner.php(65): CConsoleCommandRunner->createCommand()
#3 /Users/cgeek/Sites/trip007/framework/console/CConsoleApplication.php(92): CConsoleCommandRunner->run()
#4 /Users/cgeek/Sites/trip007/framework/base/CApplication.php(162): CConsoleApplication->processRequest()
#5 /Users/cgeek/Sites/trip007/framework/yiic.php(33): CConsoleApplication->run()
#6 /Users/cgeek/Sites/trip007/WebRoot/protected/yiic.php(9): require_once()

2013/08/28 12:18:01 [error] [php] Undefined index: SERVER_NAME (/Users/cgeek/Sites/trip007/WebRoot/protected/extensions/sinaWeibo/config.php:9)
Stack trace:
#0 /Users/cgeek/Sites/trip007/WebRoot/protected/commands/MetaActionCommand.php(2): import()
#1 /Users/cgeek/Sites/trip007/framework/console/CConsoleCommandRunner.php(131): require_once()
#2 /Users/cgeek/Sites/trip007/framework/console/CConsoleCommandRunner.php(65): CConsoleCommandRunner->createCommand()
#3 /Users/cgeek/Sites/trip007/framework/console/CConsoleApplication.php(92): CConsoleCommandRunner->run()
#4 /Users/cgeek/Sites/trip007/framework/base/CApplication.php(162): CConsoleApplication->processRequest()
#5 /Users/cgeek/Sites/trip007/framework/yiic.php(33): CConsoleApplication->run()
#6 /Users/cgeek/Sites/trip007/WebRoot/protected/yiic.php(9): require_once()

2013/08/28 12:19:00 [error] [php] Undefined index: SERVER_NAME (/Users/cgeek/Sites/trip007/WebRoot/protected/extensions/sinaWeibo/config.php:9)
Stack trace:
#0 /Users/cgeek/Sites/trip007/WebRoot/protected/commands/MetaActionCommand.php(2): import()
#1 /Users/cgeek/Sites/trip007/framework/console/CConsoleCommandRunner.php(131): require_once()
#2 /Users/cgeek/Sites/trip007/framework/console/CConsoleCommandRunner.php(65): CConsoleCommandRunner->createCommand()
#3 /Users/cgeek/Sites/trip007/framework/console/CConsoleApplication.php(92): CConsoleCommandRunner->run()
#4 /Users/cgeek/Sites/trip007/framework/base/CApplication.php(162): CConsoleApplication->processRequest()
#5 /Users/cgeek/Sites/trip007/framework/yiic.php(33): CConsoleApplication->run()
#6 /Users/cgeek/Sites/trip007/WebRoot/protected/yiic.php(9): require_once()

2013/08/28 12:20:00 [error] [php] Undefined index: SERVER_NAME (/Users/cgeek/Sites/trip007/WebRoot/protected/extensions/sinaWeibo/config.php:9)
Stack trace:
#0 /Users/cgeek/Sites/trip007/WebRoot/protected/commands/MetaActionCommand.php(2): import()
#1 /Users/cgeek/Sites/trip007/framework/console/CConsoleCommandRunner.php(131): require_once()
#2 /Users/cgeek/Sites/trip007/framework/console/CConsoleCommandRunner.php(65): CConsoleCommandRunner->createCommand()
#3 /Users/cgeek/Sites/trip007/framework/console/CConsoleApplication.php(92): CConsoleCommandRunner->run()
#4 /Users/cgeek/Sites/trip007/framework/base/CApplication.php(162): CConsoleApplication->processRequest()
#5 /Users/cgeek/Sites/trip007/framework/yiic.php(33): CConsoleApplication->run()
#6 /Users/cgeek/Sites/trip007/WebRoot/protected/yiic.php(9): require_once()

2013/08/28 12:21:00 [error] [php] Undefined index: SERVER_NAME (/Users/cgeek/Sites/trip007/WebRoot/protected/extensions/sinaWeibo/config.php:9)
Stack trace:
#0 /Users/cgeek/Sites/trip007/WebRoot/protected/commands/MetaActionCommand.php(2): import()
#1 /Users/cgeek/Sites/trip007/framework/console/CConsoleCommandRunner.php(131): require_once()
#2 /Users/cgeek/Sites/trip007/framework/console/CConsoleCommandRunner.php(65): CConsoleCommandRunner->createCommand()
#3 /Users/cgeek/Sites/trip007/framework/console/CConsoleApplication.php(92): CConsoleCommandRunner->run()
#4 /Users/cgeek/Sites/trip007/framework/base/CApplication.php(162): CConsoleApplication->processRequest()
#5 /Users/cgeek/Sites/trip007/framework/yiic.php(33): CConsoleApplication->run()
#6 /Users/cgeek/Sites/trip007/WebRoot/protected/yiic.php(9): require_once()

2013/08/28 12:22:00 [error] [php] Undefined index: SERVER_NAME (/Users/cgeek/Sites/trip007/WebRoot/protected/extensions/sinaWeibo/config.php:9)
Stack trace:
#0 /Users/cgeek/Sites/trip007/WebRoot/protected/commands/MetaActionCommand.php(2): import()
#1 /Users/cgeek/Sites/trip007/framework/console/CConsoleCommandRunner.php(131): require_once()
#2 /Users/cgeek/Sites/trip007/framework/console/CConsoleCommandRunner.php(65): CConsoleCommandRunner->createCommand()
#3 /Users/cgeek/Sites/trip007/framework/console/CConsoleApplication.php(92): CConsoleCommandRunner->run()
#4 /Users/cgeek/Sites/trip007/framework/base/CApplication.php(162): CConsoleApplication->processRequest()
#5 /Users/cgeek/Sites/trip007/framework/yiic.php(33): CConsoleApplication->run()
#6 /Users/cgeek/Sites/trip007/WebRoot/protected/yiic.php(9): require_once()

2013/08/28 12:23:00 [error] [php] Undefined index: SERVER_NAME (/Users/cgeek/Sites/trip007/WebRoot/protected/extensions/sinaWeibo/config.php:9)
Stack trace:
#0 /Users/cgeek/Sites/trip007/WebRoot/protected/commands/MetaActionCommand.php(2): import()
#1 /Users/cgeek/Sites/trip007/framework/console/CConsoleCommandRunner.php(131): require_once()
#2 /Users/cgeek/Sites/trip007/framework/console/CConsoleCommandRunner.php(65): CConsoleCommandRunner->createCommand()
#3 /Users/cgeek/Sites/trip007/framework/console/CConsoleApplication.php(92): CConsoleCommandRunner->run()
#4 /Users/cgeek/Sites/trip007/framework/base/CApplication.php(162): CConsoleApplication->processRequest()
#5 /Users/cgeek/Sites/trip007/framework/yiic.php(33): CConsoleApplication->run()
#6 /Users/cgeek/Sites/trip007/WebRoot/protected/yiic.php(9): require_once()

2013/08/28 12:24:00 [error] [php] Undefined index: SERVER_NAME (/Users/cgeek/Sites/trip007/WebRoot/protected/extensions/sinaWeibo/config.php:9)
Stack trace:
#0 /Users/cgeek/Sites/trip007/WebRoot/protected/commands/MetaActionCommand.php(2): import()
#1 /Users/cgeek/Sites/trip007/framework/console/CConsoleCommandRunner.php(131): require_once()
#2 /Users/cgeek/Sites/trip007/framework/console/CConsoleCommandRunner.php(65): CConsoleCommandRunner->createCommand()
#3 /Users/cgeek/Sites/trip007/framework/console/CConsoleApplication.php(92): CConsoleCommandRunner->run()
#4 /Users/cgeek/Sites/trip007/framework/base/CApplication.php(162): CConsoleApplication->processRequest()
#5 /Users/cgeek/Sites/trip007/framework/yiic.php(33): CConsoleApplication->run()
#6 /Users/cgeek/Sites/trip007/WebRoot/protected/yiic.php(9): require_once()

2013/08/28 12:25:00 [error] [php] Undefined index: SERVER_NAME (/Users/cgeek/Sites/trip007/WebRoot/protected/extensions/sinaWeibo/config.php:9)
Stack trace:
#0 /Users/cgeek/Sites/trip007/WebRoot/protected/commands/MetaActionCommand.php(2): import()
#1 /Users/cgeek/Sites/trip007/framework/console/CConsoleCommandRunner.php(131): require_once()
#2 /Users/cgeek/Sites/trip007/framework/console/CConsoleCommandRunner.php(65): CConsoleCommandRunner->createCommand()
#3 /Users/cgeek/Sites/trip007/framework/console/CConsoleApplication.php(92): CConsoleCommandRunner->run()
#4 /Users/cgeek/Sites/trip007/framework/base/CApplication.php(162): CConsoleApplication->processRequest()
#5 /Users/cgeek/Sites/trip007/framework/yiic.php(33): CConsoleApplication->run()
#6 /Users/cgeek/Sites/trip007/WebRoot/protected/yiic.php(9): require_once()

2013/08/28 12:26:00 [error] [php] Undefined index: SERVER_NAME (/Users/cgeek/Sites/trip007/WebRoot/protected/extensions/sinaWeibo/config.php:9)
Stack trace:
#0 /Users/cgeek/Sites/trip007/WebRoot/protected/commands/MetaActionCommand.php(2): import()
#1 /Users/cgeek/Sites/trip007/framework/console/CConsoleCommandRunner.php(131): require_once()
#2 /Users/cgeek/Sites/trip007/framework/console/CConsoleCommandRunner.php(65): CConsoleCommandRunner->createCommand()
#3 /Users/cgeek/Sites/trip007/framework/console/CConsoleApplication.php(92): CConsoleCommandRunner->run()
#4 /Users/cgeek/Sites/trip007/framework/base/CApplication.php(162): CConsoleApplication->processRequest()
#5 /Users/cgeek/Sites/trip007/framework/yiic.php(33): CConsoleApplication->run()
#6 /Users/cgeek/Sites/trip007/WebRoot/protected/yiic.php(9): require_once()

2013/08/28 12:27:01 [error] [php] Undefined index: SERVER_NAME (/Users/cgeek/Sites/trip007/WebRoot/protected/extensions/sinaWeibo/config.php:9)
Stack trace:
#0 /Users/cgeek/Sites/trip007/WebRoot/protected/commands/MetaActionCommand.php(2): import()
#1 /Users/cgeek/Sites/trip007/framework/console/CConsoleCommandRunner.php(131): require_once()
#2 /Users/cgeek/Sites/trip007/framework/console/CConsoleCommandRunner.php(65): CConsoleCommandRunner->createCommand()
#3 /Users/cgeek/Sites/trip007/framework/console/CConsoleApplication.php(92): CConsoleCommandRunner->run()
#4 /Users/cgeek/Sites/trip007/framework/base/CApplication.php(162): CConsoleApplication->processRequest()
#5 /Users/cgeek/Sites/trip007/framework/yiic.php(33): CConsoleApplication->run()
#6 /Users/cgeek/Sites/trip007/WebRoot/protected/yiic.php(9): require_once()

2013/08/28 12:28:00 [error] [php] Undefined index: SERVER_NAME (/Users/cgeek/Sites/trip007/WebRoot/protected/extensions/sinaWeibo/config.php:9)
Stack trace:
#0 /Users/cgeek/Sites/trip007/WebRoot/protected/commands/MetaActionCommand.php(2): import()
#1 /Users/cgeek/Sites/trip007/framework/console/CConsoleCommandRunner.php(131): require_once()
#2 /Users/cgeek/Sites/trip007/framework/console/CConsoleCommandRunner.php(65): CConsoleCommandRunner->createCommand()
#3 /Users/cgeek/Sites/trip007/framework/console/CConsoleApplication.php(92): CConsoleCommandRunner->run()
#4 /Users/cgeek/Sites/trip007/framework/base/CApplication.php(162): CConsoleApplication->processRequest()
#5 /Users/cgeek/Sites/trip007/framework/yiic.php(33): CConsoleApplication->run()
#6 /Users/cgeek/Sites/trip007/WebRoot/protected/yiic.php(9): require_once()

2013/08/28 12:29:00 [error] [php] Undefined index: SERVER_NAME (/Users/cgeek/Sites/trip007/WebRoot/protected/extensions/sinaWeibo/config.php:9)
Stack trace:
#0 /Users/cgeek/Sites/trip007/WebRoot/protected/commands/MetaActionCommand.php(2): import()
#1 /Users/cgeek/Sites/trip007/framework/console/CConsoleCommandRunner.php(131): require_once()
#2 /Users/cgeek/Sites/trip007/framework/console/CConsoleCommandRunner.php(65): CConsoleCommandRunner->createCommand()
#3 /Users/cgeek/Sites/trip007/framework/console/CConsoleApplication.php(92): CConsoleCommandRunner->run()
#4 /Users/cgeek/Sites/trip007/framework/base/CApplication.php(162): CConsoleApplication->processRequest()
#5 /Users/cgeek/Sites/trip007/framework/yiic.php(33): CConsoleApplication->run()
#6 /Users/cgeek/Sites/trip007/WebRoot/protected/yiic.php(9): require_once()

2013/08/28 12:30:00 [error] [php] Undefined index: SERVER_NAME (/Users/cgeek/Sites/trip007/WebRoot/protected/extensions/sinaWeibo/config.php:9)
Stack trace:
#0 /Users/cgeek/Sites/trip007/WebRoot/protected/commands/MetaActionCommand.php(2): import()
#1 /Users/cgeek/Sites/trip007/framework/console/CConsoleCommandRunner.php(131): require_once()
#2 /Users/cgeek/Sites/trip007/framework/console/CConsoleCommandRunner.php(65): CConsoleCommandRunner->createCommand()
#3 /Users/cgeek/Sites/trip007/framework/console/CConsoleApplication.php(92): CConsoleCommandRunner->run()
#4 /Users/cgeek/Sites/trip007/framework/base/CApplication.php(162): CConsoleApplication->processRequest()
#5 /Users/cgeek/Sites/trip007/framework/yiic.php(33): CConsoleApplication->run()
#6 /Users/cgeek/Sites/trip007/WebRoot/protected/yiic.php(9): require_once()

2013/08/28 12:31:00 [error] [php] Undefined index: SERVER_NAME (/Users/cgeek/Sites/trip007/WebRoot/protected/extensions/sinaWeibo/config.php:9)
Stack trace:
#0 /Users/cgeek/Sites/trip007/WebRoot/protected/commands/MetaActionCommand.php(2): import()
#1 /Users/cgeek/Sites/trip007/framework/console/CConsoleCommandRunner.php(131): require_once()
#2 /Users/cgeek/Sites/trip007/framework/console/CConsoleCommandRunner.php(65): CConsoleCommandRunner->createCommand()
#3 /Users/cgeek/Sites/trip007/framework/console/CConsoleApplication.php(92): CConsoleCommandRunner->run()
#4 /Users/cgeek/Sites/trip007/framework/base/CApplication.php(162): CConsoleApplication->processRequest()
#5 /Users/cgeek/Sites/trip007/framework/yiic.php(33): CConsoleApplication->run()
#6 /Users/cgeek/Sites/trip007/WebRoot/protected/yiic.php(9): require_once()

2013/08/28 12:32:00 [error] [php] Undefined index: SERVER_NAME (/Users/cgeek/Sites/trip007/WebRoot/protected/extensions/sinaWeibo/config.php:9)
Stack trace:
#0 /Users/cgeek/Sites/trip007/WebRoot/protected/commands/MetaActionCommand.php(2): import()
#1 /Users/cgeek/Sites/trip007/framework/console/CConsoleCommandRunner.php(131): require_once()
#2 /Users/cgeek/Sites/trip007/framework/console/CConsoleCommandRunner.php(65): CConsoleCommandRunner->createCommand()
#3 /Users/cgeek/Sites/trip007/framework/console/CConsoleApplication.php(92): CConsoleCommandRunner->run()
#4 /Users/cgeek/Sites/trip007/framework/base/CApplication.php(162): CConsoleApplication->processRequest()
#5 /Users/cgeek/Sites/trip007/framework/yiic.php(33): CConsoleApplication->run()
#6 /Users/cgeek/Sites/trip007/WebRoot/protected/yiic.php(9): require_once()

2013/08/28 12:33:00 [error] [php] Undefined index: SERVER_NAME (/Users/cgeek/Sites/trip007/WebRoot/protected/extensions/sinaWeibo/config.php:9)
Stack trace:
#0 /Users/cgeek/Sites/trip007/WebRoot/protected/commands/MetaActionCommand.php(2): import()
#1 /Users/cgeek/Sites/trip007/framework/console/CConsoleCommandRunner.php(131): require_once()
#2 /Users/cgeek/Sites/trip007/framework/console/CConsoleCommandRunner.php(65): CConsoleCommandRunner->createCommand()
#3 /Users/cgeek/Sites/trip007/framework/console/CConsoleApplication.php(92): CConsoleCommandRunner->run()
#4 /Users/cgeek/Sites/trip007/framework/base/CApplication.php(162): CConsoleApplication->processRequest()
#5 /Users/cgeek/Sites/trip007/framework/yiic.php(33): CConsoleApplication->run()
#6 /Users/cgeek/Sites/trip007/WebRoot/protected/yiic.php(9): require_once()

2013/08/28 12:34:00 [error] [php] Undefined index: SERVER_NAME (/Users/cgeek/Sites/trip007/WebRoot/protected/extensions/sinaWeibo/config.php:9)
Stack trace:
#0 /Users/cgeek/Sites/trip007/WebRoot/protected/commands/MetaActionCommand.php(2): import()
#1 /Users/cgeek/Sites/trip007/framework/console/CConsoleCommandRunner.php(131): require_once()
#2 /Users/cgeek/Sites/trip007/framework/console/CConsoleCommandRunner.php(65): CConsoleCommandRunner->createCommand()
#3 /Users/cgeek/Sites/trip007/framework/console/CConsoleApplication.php(92): CConsoleCommandRunner->run()
#4 /Users/cgeek/Sites/trip007/framework/base/CApplication.php(162): CConsoleApplication->processRequest()
#5 /Users/cgeek/Sites/trip007/framework/yiic.php(33): CConsoleApplication->run()
#6 /Users/cgeek/Sites/trip007/WebRoot/protected/yiic.php(9): require_once()

2013/08/28 12:35:00 [error] [php] Undefined index: SERVER_NAME (/Users/cgeek/Sites/trip007/WebRoot/protected/extensions/sinaWeibo/config.php:9)
Stack trace:
#0 /Users/cgeek/Sites/trip007/WebRoot/protected/commands/MetaActionCommand.php(2): import()
#1 /Users/cgeek/Sites/trip007/framework/console/CConsoleCommandRunner.php(131): require_once()
#2 /Users/cgeek/Sites/trip007/framework/console/CConsoleCommandRunner.php(65): CConsoleCommandRunner->createCommand()
#3 /Users/cgeek/Sites/trip007/framework/console/CConsoleApplication.php(92): CConsoleCommandRunner->run()
#4 /Users/cgeek/Sites/trip007/framework/base/CApplication.php(162): CConsoleApplication->processRequest()
#5 /Users/cgeek/Sites/trip007/framework/yiic.php(33): CConsoleApplication->run()
#6 /Users/cgeek/Sites/trip007/WebRoot/protected/yiic.php(9): require_once()

2013/08/28 12:36:01 [error] [php] Undefined index: SERVER_NAME (/Users/cgeek/Sites/trip007/WebRoot/protected/extensions/sinaWeibo/config.php:9)
Stack trace:
#0 /Users/cgeek/Sites/trip007/WebRoot/protected/commands/MetaActionCommand.php(2): import()
#1 /Users/cgeek/Sites/trip007/framework/console/CConsoleCommandRunner.php(131): require_once()
#2 /Users/cgeek/Sites/trip007/framework/console/CConsoleCommandRunner.php(65): CConsoleCommandRunner->createCommand()
#3 /Users/cgeek/Sites/trip007/framework/console/CConsoleApplication.php(92): CConsoleCommandRunner->run()
#4 /Users/cgeek/Sites/trip007/framework/base/CApplication.php(162): CConsoleApplication->processRequest()
#5 /Users/cgeek/Sites/trip007/framework/yiic.php(33): CConsoleApplication->run()
#6 /Users/cgeek/Sites/trip007/WebRoot/protected/yiic.php(9): require_once()

2013/08/28 12:37:00 [error] [php] Undefined index: SERVER_NAME (/Users/cgeek/Sites/trip007/WebRoot/protected/extensions/sinaWeibo/config.php:9)
Stack trace:
#0 /Users/cgeek/Sites/trip007/WebRoot/protected/commands/MetaActionCommand.php(2): import()
#1 /Users/cgeek/Sites/trip007/framework/console/CConsoleCommandRunner.php(131): require_once()
#2 /Users/cgeek/Sites/trip007/framework/console/CConsoleCommandRunner.php(65): CConsoleCommandRunner->createCommand()
#3 /Users/cgeek/Sites/trip007/framework/console/CConsoleApplication.php(92): CConsoleCommandRunner->run()
#4 /Users/cgeek/Sites/trip007/framework/base/CApplication.php(162): CConsoleApplication->processRequest()
#5 /Users/cgeek/Sites/trip007/framework/yiic.php(33): CConsoleApplication->run()
#6 /Users/cgeek/Sites/trip007/WebRoot/protected/yiic.php(9): require_once()

2013/08/28 12:38:00 [error] [php] Undefined index: SERVER_NAME (/Users/cgeek/Sites/trip007/WebRoot/protected/extensions/sinaWeibo/config.php:9)
Stack trace:
#0 /Users/cgeek/Sites/trip007/WebRoot/protected/commands/MetaActionCommand.php(2): import()
#1 /Users/cgeek/Sites/trip007/framework/console/CConsoleCommandRunner.php(131): require_once()
#2 /Users/cgeek/Sites/trip007/framework/console/CConsoleCommandRunner.php(65): CConsoleCommandRunner->createCommand()
#3 /Users/cgeek/Sites/trip007/framework/console/CConsoleApplication.php(92): CConsoleCommandRunner->run()
#4 /Users/cgeek/Sites/trip007/framework/base/CApplication.php(162): CConsoleApplication->processRequest()
#5 /Users/cgeek/Sites/trip007/framework/yiic.php(33): CConsoleApplication->run()
#6 /Users/cgeek/Sites/trip007/WebRoot/protected/yiic.php(9): require_once()

2013/08/28 12:39:00 [error] [php] Undefined index: SERVER_NAME (/Users/cgeek/Sites/trip007/WebRoot/protected/extensions/sinaWeibo/config.php:9)
Stack trace:
#0 /Users/cgeek/Sites/trip007/WebRoot/protected/commands/MetaActionCommand.php(2): import()
#1 /Users/cgeek/Sites/trip007/framework/console/CConsoleCommandRunner.php(131): require_once()
#2 /Users/cgeek/Sites/trip007/framework/console/CConsoleCommandRunner.php(65): CConsoleCommandRunner->createCommand()
#3 /Users/cgeek/Sites/trip007/framework/console/CConsoleApplication.php(92): CConsoleCommandRunner->run()
#4 /Users/cgeek/Sites/trip007/framework/base/CApplication.php(162): CConsoleApplication->processRequest()
#5 /Users/cgeek/Sites/trip007/framework/yiic.php(33): CConsoleApplication->run()
#6 /Users/cgeek/Sites/trip007/WebRoot/protected/yiic.php(9): require_once()

2013/08/28 12:40:00 [error] [php] Undefined index: SERVER_NAME (/Users/cgeek/Sites/trip007/WebRoot/protected/extensions/sinaWeibo/config.php:9)
Stack trace:
#0 /Users/cgeek/Sites/trip007/WebRoot/protected/commands/MetaActionCommand.php(2): import()
#1 /Users/cgeek/Sites/trip007/framework/console/CConsoleCommandRunner.php(131): require_once()
#2 /Users/cgeek/Sites/trip007/framework/console/CConsoleCommandRunner.php(65): CConsoleCommandRunner->createCommand()
#3 /Users/cgeek/Sites/trip007/framework/console/CConsoleApplication.php(92): CConsoleCommandRunner->run()
#4 /Users/cgeek/Sites/trip007/framework/base/CApplication.php(162): CConsoleApplication->processRequest()
#5 /Users/cgeek/Sites/trip007/framework/yiic.php(33): CConsoleApplication->run()
#6 /Users/cgeek/Sites/trip007/WebRoot/protected/yiic.php(9): require_once()

2013/08/28 12:41:00 [error] [php] Undefined index: SERVER_NAME (/Users/cgeek/Sites/trip007/WebRoot/protected/extensions/sinaWeibo/config.php:9)
Stack trace:
#0 /Users/cgeek/Sites/trip007/WebRoot/protected/commands/MetaActionCommand.php(2): import()
#1 /Users/cgeek/Sites/trip007/framework/console/CConsoleCommandRunner.php(131): require_once()
#2 /Users/cgeek/Sites/trip007/framework/console/CConsoleCommandRunner.php(65): CConsoleCommandRunner->createCommand()
#3 /Users/cgeek/Sites/trip007/framework/console/CConsoleApplication.php(92): CConsoleCommandRunner->run()
#4 /Users/cgeek/Sites/trip007/framework/base/CApplication.php(162): CConsoleApplication->processRequest()
#5 /Users/cgeek/Sites/trip007/framework/yiic.php(33): CConsoleApplication->run()
#6 /Users/cgeek/Sites/trip007/WebRoot/protected/yiic.php(9): require_once()

2013/08/28 12:42:00 [error] [php] Undefined index: SERVER_NAME (/Users/cgeek/Sites/trip007/WebRoot/protected/extensions/sinaWeibo/config.php:9)
Stack trace:
#0 /Users/cgeek/Sites/trip007/WebRoot/protected/commands/MetaActionCommand.php(2): import()
#1 /Users/cgeek/Sites/trip007/framework/console/CConsoleCommandRunner.php(131): require_once()
#2 /Users/cgeek/Sites/trip007/framework/console/CConsoleCommandRunner.php(65): CConsoleCommandRunner->createCommand()
#3 /Users/cgeek/Sites/trip007/framework/console/CConsoleApplication.php(92): CConsoleCommandRunner->run()
#4 /Users/cgeek/Sites/trip007/framework/base/CApplication.php(162): CConsoleApplication->processRequest()
#5 /Users/cgeek/Sites/trip007/framework/yiic.php(33): CConsoleApplication->run()
#6 /Users/cgeek/Sites/trip007/WebRoot/protected/yiic.php(9): require_once()

2013/08/28 12:43:00 [error] [php] Undefined index: SERVER_NAME (/Users/cgeek/Sites/trip007/WebRoot/protected/extensions/sinaWeibo/config.php:9)
Stack trace:
#0 /Users/cgeek/Sites/trip007/WebRoot/protected/commands/MetaActionCommand.php(2): import()
#1 /Users/cgeek/Sites/trip007/framework/console/CConsoleCommandRunner.php(131): require_once()
#2 /Users/cgeek/Sites/trip007/framework/console/CConsoleCommandRunner.php(65): CConsoleCommandRunner->createCommand()
#3 /Users/cgeek/Sites/trip007/framework/console/CConsoleApplication.php(92): CConsoleCommandRunner->run()
#4 /Users/cgeek/Sites/trip007/framework/base/CApplication.php(162): CConsoleApplication->processRequest()
#5 /Users/cgeek/Sites/trip007/framework/yiic.php(33): CConsoleApplication->run()
#6 /Users/cgeek/Sites/trip007/WebRoot/protected/yiic.php(9): require_once()

2013/08/28 12:44:00 [error] [php] Undefined index: SERVER_NAME (/Users/cgeek/Sites/trip007/WebRoot/protected/extensions/sinaWeibo/config.php:9)
Stack trace:
#0 /Users/cgeek/Sites/trip007/WebRoot/protected/commands/MetaActionCommand.php(2): import()
#1 /Users/cgeek/Sites/trip007/framework/console/CConsoleCommandRunner.php(131): require_once()
#2 /Users/cgeek/Sites/trip007/framework/console/CConsoleCommandRunner.php(65): CConsoleCommandRunner->createCommand()
#3 /Users/cgeek/Sites/trip007/framework/console/CConsoleApplication.php(92): CConsoleCommandRunner->run()
#4 /Users/cgeek/Sites/trip007/framework/base/CApplication.php(162): CConsoleApplication->processRequest()
#5 /Users/cgeek/Sites/trip007/framework/yiic.php(33): CConsoleApplication->run()
#6 /Users/cgeek/Sites/trip007/WebRoot/protected/yiic.php(9): require_once()

2013/08/28 12:45:00 [error] [php] Undefined index: SERVER_NAME (/Users/cgeek/Sites/trip007/WebRoot/protected/extensions/sinaWeibo/config.php:9)
Stack trace:
#0 /Users/cgeek/Sites/trip007/WebRoot/protected/commands/MetaActionCommand.php(2): import()
#1 /Users/cgeek/Sites/trip007/framework/console/CConsoleCommandRunner.php(131): require_once()
#2 /Users/cgeek/Sites/trip007/framework/console/CConsoleCommandRunner.php(65): CConsoleCommandRunner->createCommand()
#3 /Users/cgeek/Sites/trip007/framework/console/CConsoleApplication.php(92): CConsoleCommandRunner->run()
#4 /Users/cgeek/Sites/trip007/framework/base/CApplication.php(162): CConsoleApplication->processRequest()
#5 /Users/cgeek/Sites/trip007/framework/yiic.php(33): CConsoleApplication->run()
#6 /Users/cgeek/Sites/trip007/WebRoot/protected/yiic.php(9): require_once()

2013/08/28 12:46:01 [error] [php] Undefined index: SERVER_NAME (/Users/cgeek/Sites/trip007/WebRoot/protected/extensions/sinaWeibo/config.php:9)
Stack trace:
#0 /Users/cgeek/Sites/trip007/WebRoot/protected/commands/MetaActionCommand.php(2): import()
#1 /Users/cgeek/Sites/trip007/framework/console/CConsoleCommandRunner.php(131): require_once()
#2 /Users/cgeek/Sites/trip007/framework/console/CConsoleCommandRunner.php(65): CConsoleCommandRunner->createCommand()
#3 /Users/cgeek/Sites/trip007/framework/console/CConsoleApplication.php(92): CConsoleCommandRunner->run()
#4 /Users/cgeek/Sites/trip007/framework/base/CApplication.php(162): CConsoleApplication->processRequest()
#5 /Users/cgeek/Sites/trip007/framework/yiic.php(33): CConsoleApplication->run()
#6 /Users/cgeek/Sites/trip007/WebRoot/protected/yiic.php(9): require_once()

2013/08/28 12:47:00 [error] [php] Undefined index: SERVER_NAME (/Users/cgeek/Sites/trip007/WebRoot/protected/extensions/sinaWeibo/config.php:9)
Stack trace:
#0 /Users/cgeek/Sites/trip007/WebRoot/protected/commands/MetaActionCommand.php(2): import()
#1 /Users/cgeek/Sites/trip007/framework/console/CConsoleCommandRunner.php(131): require_once()
#2 /Users/cgeek/Sites/trip007/framework/console/CConsoleCommandRunner.php(65): CConsoleCommandRunner->createCommand()
#3 /Users/cgeek/Sites/trip007/framework/console/CConsoleApplication.php(92): CConsoleCommandRunner->run()
#4 /Users/cgeek/Sites/trip007/framework/base/CApplication.php(162): CConsoleApplication->processRequest()
#5 /Users/cgeek/Sites/trip007/framework/yiic.php(33): CConsoleApplication->run()
#6 /Users/cgeek/Sites/trip007/WebRoot/protected/yiic.php(9): require_once()

2013/08/28 12:48:00 [error] [php] Undefined index: SERVER_NAME (/Users/cgeek/Sites/trip007/WebRoot/protected/extensions/sinaWeibo/config.php:9)
Stack trace:
#0 /Users/cgeek/Sites/trip007/WebRoot/protected/commands/MetaActionCommand.php(2): import()
#1 /Users/cgeek/Sites/trip007/framework/console/CConsoleCommandRunner.php(131): require_once()
#2 /Users/cgeek/Sites/trip007/framework/console/CConsoleCommandRunner.php(65): CConsoleCommandRunner->createCommand()
#3 /Users/cgeek/Sites/trip007/framework/console/CConsoleApplication.php(92): CConsoleCommandRunner->run()
#4 /Users/cgeek/Sites/trip007/framework/base/CApplication.php(162): CConsoleApplication->processRequest()
#5 /Users/cgeek/Sites/trip007/framework/yiic.php(33): CConsoleApplication->run()
#6 /Users/cgeek/Sites/trip007/WebRoot/protected/yiic.php(9): require_once()

